0 info it worked if it ends with ok
1 verbose cli [ 'node', '/usr/local/bin/npm', 'publish' ]
2 info using npm@2.12.1
3 info using node@v0.12.7
4 verbose node symlink /usr/local/bin/node
5 verbose publish [ '.' ]
6 silly cache add args [ '.', null ]
7 verbose cache add spec .
8 silly cache add parsed spec { raw: '.',
8 silly cache add   scope: null,
8 silly cache add   name: null,
8 silly cache add   rawSpec: '.',
8 silly cache add   spec: '/Users/yixuan/project/generator-reactpack',
8 silly cache add   type: 'directory' }
9 verbose addLocalDirectory /Users/yixuan/.npm/generator-reactpack/1.0.3/package.tgz not in flight; packing
10 verbose tar pack [ '/Users/yixuan/.npm/generator-reactpack/1.0.3/package.tgz',
10 verbose tar pack   '/Users/yixuan/project/generator-reactpack' ]
11 verbose tarball /Users/yixuan/.npm/generator-reactpack/1.0.3/package.tgz
12 verbose folder /Users/yixuan/project/generator-reactpack
13 info prepublish generator-reactpack@1.0.3
14 verbose addLocalTarball adding from inside cache /Users/yixuan/.npm/generator-reactpack/1.0.3/package.tgz
15 silly cache afterAdd generator-reactpack@1.0.3
16 verbose afterAdd /Users/yixuan/.npm/generator-reactpack/1.0.3/package/package.json not in flight; writing
17 verbose afterAdd /Users/yixuan/.npm/generator-reactpack/1.0.3/package/package.json written
18 silly publish { name: 'generator-reactpack',
18 silly publish   version: '1.0.3',
18 silly publish   description: 'react webpack generator',
18 silly publish   main: 'index.js',
18 silly publish   scripts: { test: 'echo "Error: no test specified" && exit 1' },
18 silly publish   repository:
18 silly publish    { type: 'git',
18 silly publish      url: 'git+https://github.com/zhangmengxue/generator-reactpack.git' },
18 silly publish   keywords: [ 'yeoman-generator' ],
18 silly publish   author: { name: 'yixuan' },
18 silly publish   license: 'MIT',
18 silly publish   bugs: { url: 'https://github.com/zhangmengxue/generator-reactpack/issues' },
18 silly publish   homepage: 'https://github.com/zhangmengxue/generator-reactpack#readme',
18 silly publish   dependencies:
18 silly publish    { chai: '^3.3.0',
18 silly publish      chalk: '^1.1.1',
18 silly publish      'fs-extra': '^0.24.0',
18 silly publish      gulp: '^3.9.0',
18 silly publish      mocha: '^2.3.3',
18 silly publish      'yeoman-generator': '^0.20.3',
18 silly publish      yosay: '^1.0.5' },
18 silly publish   readme: '### React+Webpack+ES6开发模式脚手架\n--------------------------------\n在确保自己已经安装了nodejs 和yeoman的情况下，否则(ensure you have been installed yeoman)：\n\n    npm install -g yo\n\n然后安装脚手架（install generator-reactpack）：\n\n    npm install -g generator-reactpack\n\n在自己的空项目中执行(In your blank project run)：\n\n    yo reactpack\n\n得到的脚手架应该是这样的：\n\n      .\n    ├── css\n    │   └── main.css\n    ├── index.html\n    ├── js\n    │   ├── app.js\n    │   └── hello.js\n    ├── node_modules\n    │   ├── babel-core\n    │   ├── babel-loader\n    │   ├── css-loader\n    │   ├── lodash\n    │   ├── react\n    │   ├── react-hot-loader\n    │   ├── react-kendo\n    │   ├── react-router\n    │   ├── webpack\n    │   └── webpack-dev-server\n    ├── package.json\n    └── webpack.config.js\n\n脚手架内部配置了webpack-dev-server，在项目中运行：\n\n    npm start\n\n然后访问[http://localhost:8080/webpack-dev-server/](http://localhost:8080/webpack-dev-server/) 就可以开启你的React+Webpack+ES6模式的开发之旅啦！\n\n',
18 silly publish   readmeFilename: 'README.md',
18 silly publish   gitHead: 'fe00326ea54872ffea4be988a1ac9e23e64a01db',
18 silly publish   _id: 'generator-reactpack@1.0.3',
18 silly publish   _shasum: 'e020ebcef941946732c44192fabfc9fd832552e7',
18 silly publish   _from: '.' }
19 verbose getPublishConfig undefined
20 silly mapToRegistry name generator-reactpack
21 silly mapToRegistry using default registry
22 silly mapToRegistry registry https://registry.npmjs.org/
23 silly mapToRegistry uri https://registry.npmjs.org/generator-reactpack
24 verbose publish registryBase https://registry.npmjs.org/
25 silly publish uploading /Users/yixuan/.npm/generator-reactpack/1.0.3/package.tgz
26 verbose request uri https://registry.npmjs.org/generator-reactpack
27 verbose request sending authorization for write operation
28 info attempt registry request try #1 at 14:28:39
29 verbose request using bearer token for auth
30 verbose request id 06b30b0ff921819e
31 http request PUT https://registry.npmjs.org/generator-reactpack
32 http 403 https://registry.npmjs.org/generator-reactpack
33 verbose headers { 'content-type': 'application/json',
33 verbose headers   'cache-control': 'max-age=60',
33 verbose headers   'content-length': '95',
33 verbose headers   'accept-ranges': 'bytes',
33 verbose headers   date: 'Thu, 01 Oct 2015 06:28:41 GMT',
33 verbose headers   via: '1.1 varnish',
33 verbose headers   connection: 'keep-alive',
33 verbose headers   'x-served-by': 'cache-nrt6120-NRT',
33 verbose headers   'x-cache': 'MISS',
33 verbose headers   'x-cache-hits': '0',
33 verbose headers   'x-timer': 'S1443680920.271195,VS0,VE1527' }
34 verbose request invalidating /Users/yixuan/.npm/registry.npmjs.org/generator-reactpack on PUT
35 error publish Failed PUT 403
36 verbose stack Error: "You cannot publish over the previously published version 1.0.3." : generator-reactpack
36 verbose stack     at CachingRegistryClient.<anonymous> (/usr/local/lib/node_modules/npm/node_modules/npm-registry-client/lib/request.js:247:14)
36 verbose stack     at Request._callback (/usr/local/lib/node_modules/npm/node_modules/npm-registry-client/lib/request.js:170:14)
36 verbose stack     at Request.self.callback (/usr/local/lib/node_modules/npm/node_modules/request/request.js:197:22)
36 verbose stack     at Request.emit (events.js:110:17)
36 verbose stack     at Request.<anonymous> (/usr/local/lib/node_modules/npm/node_modules/request/request.js:1050:14)
36 verbose stack     at Request.emit (events.js:129:20)
36 verbose stack     at IncomingMessage.<anonymous> (/usr/local/lib/node_modules/npm/node_modules/request/request.js:996:12)
36 verbose stack     at IncomingMessage.emit (events.js:129:20)
36 verbose stack     at _stream_readable.js:908:16
36 verbose stack     at process._tickCallback (node.js:355:11)
37 verbose statusCode 403
38 verbose pkgid generator-reactpack
39 verbose cwd /Users/yixuan/project/generator-reactpack
40 error Darwin 14.3.0
41 error argv "node" "/usr/local/bin/npm" "publish"
42 error node v0.12.7
43 error npm  v2.12.1
44 error code E403
45 error "You cannot publish over the previously published version 1.0.3." : generator-reactpack
46 error If you need help, you may report this error at:
46 error     <https://github.com/npm/npm/issues>
47 verbose exit [ 1, true ]
